# Operations Log - memsys3
# Registro automático de operaciones del sistema (actualizar, compilar)
# Formato: YAML append-only, orden cronológico inverso (más reciente primero)
# Rotación: cuando >= 1800 líneas, rotar a operations_N.log (estilo sessions)
# Archivos rotados se pueden borrar libremente (no hay archivado)
# Este archivo NO se lee en newSession ni compile-context — solo consulta bajo demanda

operations:
  - timestamp: "2026-05-08T00:00:00"
    operacion: "compilar"
    version_context: "0.14.0"
    resultado: "ok"
    resumen:
      lineas: 530
      adrs_incluidas: "23 de 24 (010-011 ausentes — ISSUE-024)"
      sesiones_incluidas: "11 (6 alto, 3 medio, 1 bajo + 1 sin peso histórico)"
      gotchas: "7 críticos"
      reduccion_tokens: "~94%"
      archivamiento: "no activado"

  - timestamp: "2026-05-05T00:00:00"
    operacion: "compilar"
    version_context: "0.13.0"
    resultado: "ok"
    resumen:
      lineas: 609
      adrs_incluidas: "13 de 14"
      sesiones_incluidas: "10 (5 alto, 3 medio, 2 bajo)"
      gotchas: "8 críticos"
      reduccion_tokens: "~95%"
      archivamiento: "no activado"
